<?xml version="1.0" encoding="UTF-8"?>
<testsuite xmlns:xsi="http://www.w3.org/2001/XMLSchema-instance" xsi:noNamespaceSchemaLocation="https://maven.apache.org/surefire/maven-surefire-plugin/xsd/surefire-test-report-3.0.xsd" version="3.0" name="com.reedmanit.restaurantbill.service.BillCalculationServiceTest" time="0.341" tests="4" errors="0" skipped="0" failures="0">
  <properties>
    <property name="java.specification.version" value="17"/>
    <property name="sun.cpu.isalist" value="amd64"/>
    <property name="sun.jnu.encoding" value="Cp1252"/>
    <property name="java.class.path" value="C:\SoftwareDevelopment\Projects\RestaurantBill\target\test-classes;C:\SoftwareDevelopment\Projects\RestaurantBill\target\classes;C:\Users\preed\.m2\repository\com\vaadin\vaadin\24.4.6\vaadin-24.4.6.jar;C:\Users\preed\.m2\repository\com\vaadin\vaadin-internal\24.4.6\vaadin-internal-24.4.6.jar;C:\Users\preed\.m2\repository\com\vaadin\vaadin-core-internal\24.4.6\vaadin-core-internal-24.4.6.jar;C:\Users\preed\.m2\repository\com\vaadin\flow-server\24.4.4\flow-server-24.4.4.jar;C:\Users\preed\.m2\repository\com\vaadin\servletdetector\throw-if-servlet3\1.0.2\throw-if-servlet3-1.0.2.jar;C:\Users\preed\.m2\repository\com\vaadin\external\gwt\gwt-elemental\2.8.2.vaadin2\gwt-elemental-2.8.2.vaadin2.jar;C:\Users\preed\.m2\repository\org\apache\commons\commons-fileupload2-jakarta\2.0.0-M1\commons-fileupload2-jakarta-2.0.0-M1.jar;C:\Users\preed\.m2\repository\org\apache\commons\commons-fileupload2-core\2.0.0-M1\commons-fileupload2-core-2.0.0-M1.jar;C:\Users\preed\.m2\repository\commons-io\commons-io\2.16.1\commons-io-2.16.1.jar;C:\Users\preed\.m2\repository\com\fasterxml\jackson\core\jackson-core\2.17.0\jackson-core-2.17.0.jar;C:\Users\preed\.m2\repository\com\fasterxml\jackson\core\jackson-databind\2.17.0\jackson-databind-2.17.0.jar;C:\Users\preed\.m2\repository\com\fasterxml\jackson\core\jackson-annotations\2.17.0\jackson-annotations-2.17.0.jar;C:\Users\preed\.m2\repository\net\bytebuddy\byte-buddy\1.14.9\byte-buddy-1.14.9.jar;C:\Users\preed\.m2\repository\com\fasterxml\jackson\datatype\jackson-datatype-jsr310\2.17.0\jackson-datatype-jsr310-2.17.0.jar;C:\Users\preed\.m2\repository\org\jsoup\jsoup\1.17.2\jsoup-1.17.2.jar;C:\Users\preed\.m2\repository\com\helger\ph-css\7.0.2\ph-css-7.0.2.jar;C:\Users\preed\.m2\repository\com\helger\commons\ph-commons\11.1.5\ph-commons-11.1.5.jar;C:\Users\preed\.m2\repository\org\ow2\asm\asm\9.7\asm-9.7.jar;C:\Users\preed\.m2\repository\com\vaadin\external\gentyref\1.2.0.vaadin1\gentyref-1.2.0.vaadin1.jar;C:\Users\preed\.m2\repository\org\apache\commons\commons-compress\1.26.1\commons-compress-1.26.1.jar;C:\Users\preed\.m2\repository\commons-codec\commons-codec\1.16.1\commons-codec-1.16.1.jar;C:\Users\preed\.m2\repository\com\vaadin\flow-lit-template\24.4.4\flow-lit-template-24.4.4.jar;C:\Users\preed\.m2\repository\com\vaadin\flow-react\24.4.4\flow-react-24.4.4.jar;C:\Users\preed\.m2\repository\com\vaadin\flow-push\24.4.4\flow-push-24.4.4.jar;C:\Users\preed\.m2\repository\com\vaadin\external\atmosphere\atmosphere-runtime\3.0.5.slf4jvaadin1\atmosphere-runtime-3.0.5.slf4jvaadin1.jar;C:\Users\preed\.m2\repository\com\vaadin\flow-client\24.4.4\flow-client-24.4.4.jar;C:\Users\preed\.m2\repository\com\vaadin\flow-html-components\24.4.4\flow-html-components-24.4.4.jar;C:\Users\preed\.m2\repository\com\vaadin\flow-data\24.4.4\flow-data-24.4.4.jar;C:\Users\preed\.m2\repository\com\vaadin\flow-dnd\24.4.4\flow-dnd-24.4.4.jar;C:\Users\preed\.m2\repository\com\vaadin\vaadin-lumo-theme\24.4.6\vaadin-lumo-theme-24.4.6.jar;C:\Users\preed\.m2\repository\com\vaadin\vaadin-material-theme\24.4.6\vaadin-material-theme-24.4.6.jar;C:\Users\preed\.m2\repository\com\vaadin\vaadin-accordion-flow\24.4.6\vaadin-accordion-flow-24.4.6.jar;C:\Users\preed\.m2\repository\com\vaadin\vaadin-avatar-flow\24.4.6\vaadin-avatar-flow-24.4.6.jar;C:\Users\preed\.m2\repository\com\vaadin\vaadin-button-flow\24.4.6\vaadin-button-flow-24.4.6.jar;C:\Users\preed\.m2\repository\com\vaadin\vaadin-checkbox-flow\24.4.6\vaadin-checkbox-flow-24.4.6.jar;C:\Users\preed\.m2\repository\com\vaadin\vaadin-combo-box-flow\24.4.6\vaadin-combo-box-flow-24.4.6.jar;C:\Users\preed\.m2\repository\com\vaadin\vaadin-confirm-dialog-flow\24.4.6\vaadin-confirm-dialog-flow-24.4.6.jar;C:\Users\preed\.m2\repository\com\vaadin\vaadin-custom-field-flow\24.4.6\vaadin-custom-field-flow-24.4.6.jar;C:\Users\preed\.m2\repository\com\vaadin\vaadin-date-picker-flow\24.4.6\vaadin-date-picker-flow-24.4.6.jar;C:\Users\preed\.m2\repository\com\vaadin\vaadin-date-time-picker-flow\24.4.6\vaadin-date-time-picker-flow-24.4.6.jar;C:\Users\preed\.m2\repository\com\vaadin\vaadin-details-flow\24.4.6\vaadin-details-flow-24.4.6.jar;C:\Users\preed\.m2\repository\com\vaadin\vaadin-time-picker-flow\24.4.6\vaadin-time-picker-flow-24.4.6.jar;C:\Users\preed\.m2\repository\com\vaadin\vaadin-select-flow\24.4.6\vaadin-select-flow-24.4.6.jar;C:\Users\preed\.m2\repository\com\vaadin\vaadin-side-nav-flow\24.4.6\vaadin-side-nav-flow-24.4.6.jar;C:\Users\preed\.m2\repository\com\vaadin\vaadin-dialog-flow\24.4.6\vaadin-dialog-flow-24.4.6.jar;C:\Users\preed\.m2\repository\com\vaadin\vaadin-form-layout-flow\24.4.6\vaadin-form-layout-flow-24.4.6.jar;C:\Users\preed\.m2\repository\com\vaadin\vaadin-field-highlighter-flow\24.4.6\vaadin-field-highlighter-flow-24.4.6.jar;C:\Users\preed\.m2\repository\com\vaadin\vaadin-grid-flow\24.4.6\vaadin-grid-flow-24.4.6.jar;C:\Users\preed\.m2\repository\org\apache\commons\commons-lang3\3.14.0\commons-lang3-3.14.0.jar;C:\Users\preed\.m2\repository\com\vaadin\vaadin-icons-flow\24.4.6\vaadin-icons-flow-24.4.6.jar;C:\Users\preed\.m2\repository\com\vaadin\vaadin-virtual-list-flow\24.4.6\vaadin-virtual-list-flow-24.4.6.jar;C:\Users\preed\.m2\repository\com\vaadin\vaadin-list-box-flow\24.4.6\vaadin-list-box-flow-24.4.6.jar;C:\Users\preed\.m2\repository\com\vaadin\vaadin-login-flow\24.4.6\vaadin-login-flow-24.4.6.jar;C:\Users\preed\.m2\repository\com\vaadin\vaadin-messages-flow\24.4.6\vaadin-messages-flow-24.4.6.jar;C:\Users\preed\.m2\repository\com\vaadin\vaadin-ordered-layout-flow\24.4.6\vaadin-ordered-layout-flow-24.4.6.jar;C:\Users\preed\.m2\repository\com\vaadin\vaadin-progress-bar-flow\24.4.6\vaadin-progress-bar-flow-24.4.6.jar;C:\Users\preed\.m2\repository\com\vaadin\vaadin-radio-button-flow\24.4.6\vaadin-radio-button-flow-24.4.6.jar;C:\Users\preed\.m2\repository\com\vaadin\vaadin-renderer-flow\24.4.6\vaadin-renderer-flow-24.4.6.jar;C:\Users\preed\.m2\repository\com\vaadin\vaadin-split-layout-flow\24.4.6\vaadin-split-layout-flow-24.4.6.jar;C:\Users\preed\.m2\repository\com\vaadin\vaadin-tabs-flow\24.4.6\vaadin-tabs-flow-24.4.6.jar;C:\Users\preed\.m2\repository\com\vaadin\vaadin-text-field-flow\24.4.6\vaadin-text-field-flow-24.4.6.jar;C:\Users\preed\.m2\repository\com\vaadin\vaadin-upload-flow\24.4.6\vaadin-upload-flow-24.4.6.jar;C:\Users\preed\.m2\repository\com\vaadin\vaadin-notification-flow\24.4.6\vaadin-notification-flow-24.4.6.jar;C:\Users\preed\.m2\repository\com\vaadin\vaadin-app-layout-flow\24.4.6\vaadin-app-layout-flow-24.4.6.jar;C:\Users\preed\.m2\repository\com\vaadin\vaadin-context-menu-flow\24.4.6\vaadin-context-menu-flow-24.4.6.jar;C:\Users\preed\.m2\repository\com\vaadin\vaadin-menu-bar-flow\24.4.6\vaadin-menu-bar-flow-24.4.6.jar;C:\Users\preed\.m2\repository\com\vaadin\vaadin-board-flow\24.4.6\vaadin-board-flow-24.4.6.jar;C:\Users\preed\.m2\repository\com\vaadin\vaadin-charts-flow\24.4.6\vaadin-charts-flow-24.4.6.jar;C:\Users\preed\.m2\repository\com\vaadin\vaadin-cookie-consent-flow\24.4.6\vaadin-cookie-consent-flow-24.4.6.jar;C:\Users\preed\.m2\repository\com\vaadin\vaadin-crud-flow\24.4.6\vaadin-crud-flow-24.4.6.jar;C:\Users\preed\.m2\repository\com\vaadin\vaadin-flow-components-base\24.4.6\vaadin-flow-components-base-24.4.6.jar;C:\Users\preed\.m2\repository\com\vaadin\vaadin-grid-pro-flow\24.4.6\vaadin-grid-pro-flow-24.4.6.jar;C:\Users\preed\.m2\repository\com\vaadin\vaadin-map-flow\24.4.6\vaadin-map-flow-24.4.6.jar;C:\Users\preed\.m2\repository\com\vaadin\vaadin-rich-text-editor-flow\24.4.6\vaadin-rich-text-editor-flow-24.4.6.jar;C:\Users\preed\.m2\repository\com\vaadin\collaboration-engine\6.2.3\collaboration-engine-6.2.3.jar;C:\Users\preed\.m2\repository\com\vaadin\license-checker\1.12.13\license-checker-1.12.13.jar;C:\Users\preed\.m2\repository\com\github\oshi\oshi-core\6.4.10\oshi-core-6.4.10.jar;C:\Users\preed\.m2\repository\net\java\dev\jna\jna\5.14.0\jna-5.14.0.jar;C:\Users\preed\.m2\repository\net\java\dev\jna\jna-platform\5.14.0\jna-platform-5.14.0.jar;C:\Users\preed\.m2\repository\com\nimbusds\nimbus-jose-jwt\9.37.3\nimbus-jose-jwt-9.37.3.jar;C:\Users\preed\.m2\repository\org\lucee\jcip-annotations\1.0.0\jcip-annotations-1.0.0.jar;C:\Users\preed\.m2\repository\com\vaadin\open\8.5.0.1\open-8.5.0.1.jar;C:\Users\preed\.m2\repository\com\vaadin\vaadin-core\24.4.6\vaadin-core-24.4.6.jar;C:\Users\preed\.m2\repository\com\vaadin\vaadin-dev\24.4.6\vaadin-dev-24.4.6.jar;C:\Users\preed\.m2\repository\com\vaadin\vaadin-dev-server\24.4.4\vaadin-dev-server-24.4.4.jar;C:\Users\preed\.m2\repository\com\github\javaparser\javaparser-core\3.25.10\javaparser-core-3.25.10.jar;C:\Users\preed\.m2\repository\io\methvin\directory-watcher\0.18.0\directory-watcher-0.18.0.jar;C:\Users\preed\.m2\repository\com\vaadin\vaadin-dev-bundle\24.4.6\vaadin-dev-bundle-24.4.6.jar;C:\Users\preed\.m2\repository\com\vaadin\hilla-dev\24.4.3\hilla-dev-24.4.3.jar;C:\Users\preed\.m2\repository\com\vaadin\copilot\24.4.6\copilot-24.4.6.jar;C:\Users\preed\.m2\repository\io\projectreactor\netty\reactor-netty\1.1.18\reactor-netty-1.1.18.jar;C:\Users\preed\.m2\repository\io\projectreactor\netty\reactor-netty-core\1.1.18\reactor-netty-core-1.1.18.jar;C:\Users\preed\.m2\repository\io\netty\netty-handler\4.1.108.Final\netty-handler-4.1.108.Final.jar;C:\Users\preed\.m2\repository\io\netty\netty-common\4.1.108.Final\netty-common-4.1.108.Final.jar;C:\Users\preed\.m2\repository\io\netty\netty-resolver\4.1.108.Final\netty-resolver-4.1.108.Final.jar;C:\Users\preed\.m2\repository\io\netty\netty-buffer\4.1.108.Final\netty-buffer-4.1.108.Final.jar;C:\Users\preed\.m2\repository\io\netty\netty-transport\4.1.108.Final\netty-transport-4.1.108.Final.jar;C:\Users\preed\.m2\repository\io\netty\netty-transport-native-unix-common\4.1.108.Final\netty-transport-native-unix-common-4.1.108.Final.jar;C:\Users\preed\.m2\repository\io\netty\netty-codec\4.1.108.Final\netty-codec-4.1.108.Final.jar;C:\Users\preed\.m2\repository\io\netty\netty-handler-proxy\4.1.108.Final\netty-handler-proxy-4.1.108.Final.jar;C:\Users\preed\.m2\repository\io\netty\netty-codec-socks\4.1.108.Final\netty-codec-socks-4.1.108.Final.jar;C:\Users\preed\.m2\repository\io\netty\netty-resolver-dns\4.1.108.Final\netty-resolver-dns-4.1.108.Final.jar;C:\Users\preed\.m2\repository\io\netty\netty-codec-dns\4.1.108.Final\netty-codec-dns-4.1.108.Final.jar;C:\Users\preed\.m2\repository\io\netty\netty-resolver-dns-native-macos\4.1.108.Final\netty-resolver-dns-native-macos-4.1.108.Final-osx-x86_64.jar;C:\Users\preed\.m2\repository\io\netty\netty-resolver-dns-classes-macos\4.1.108.Final\netty-resolver-dns-classes-macos-4.1.108.Final.jar;C:\Users\preed\.m2\repository\io\netty\netty-transport-native-epoll\4.1.108.Final\netty-transport-native-epoll-4.1.108.Final-linux-x86_64.jar;C:\Users\preed\.m2\repository\io\netty\netty-transport-classes-epoll\4.1.108.Final\netty-transport-classes-epoll-4.1.108.Final.jar;C:\Users\preed\.m2\repository\io\projectreactor\reactor-core\3.5.16\reactor-core-3.5.16.jar;C:\Users\preed\.m2\repository\org\reactivestreams\reactive-streams\1.0.4\reactive-streams-1.0.4.jar;C:\Users\preed\.m2\repository\io\projectreactor\netty\reactor-netty-http\1.1.18\reactor-netty-http-1.1.18.jar;C:\Users\preed\.m2\repository\io\netty\netty-codec-http\4.1.108.Final\netty-codec-http-4.1.108.Final.jar;C:\Users\preed\.m2\repository\io\netty\netty-codec-http2\4.1.108.Final\netty-codec-http2-4.1.108.Final.jar;C:\Users\preed\.m2\repository\io\projectreactor\netty\incubator\reactor-netty-incubator-quic\0.1.18\reactor-netty-incubator-quic-0.1.18.jar;C:\Users\preed\.m2\repository\io\netty\incubator\netty-incubator-codec-native-quic\0.0.62.Final\netty-incubator-codec-native-quic-0.0.62.Final-linux-x86_64.jar;C:\Users\preed\.m2\repository\io\netty\incubator\netty-incubator-codec-classes-quic\0.0.62.Final\netty-incubator-codec-classes-quic-0.0.62.Final.jar;C:\Users\preed\.m2\repository\jakarta\annotation\jakarta.annotation-api\2.1.1\jakarta.annotation-api-2.1.1.jar;C:\Users\preed\.m2\repository\org\apache\commons\commons-configuration2\2.11.0\commons-configuration2-2.11.0.jar;C:\Users\preed\.m2\repository\org\apache\commons\commons-text\1.12.0\commons-text-1.12.0.jar;C:\Users\preed\.m2\repository\com\github\javaparser\javaparser-symbol-solver-core\3.25.10\javaparser-symbol-solver-core-3.25.10.jar;C:\Users\preed\.m2\repository\org\javassist\javassist\3.30.2-GA\javassist-3.30.2-GA.jar;C:\Users\preed\.m2\repository\org\slf4j\slf4j-simple\2.0.11\slf4j-simple-2.0.11.jar;C:\Users\preed\.m2\repository\org\slf4j\slf4j-api\2.0.11\slf4j-api-2.0.11.jar;C:\Users\preed\.m2\repository\jakarta\servlet\jakarta.servlet-api\6.0.0\jakarta.servlet-api-6.0.0.jar;C:\Users\preed\.m2\repository\org\junit\jupiter\junit-jupiter-api\5.6.0\junit-jupiter-api-5.6.0.jar;C:\Users\preed\.m2\repository\org\apiguardian\apiguardian-api\1.1.0\apiguardian-api-1.1.0.jar;C:\Users\preed\.m2\repository\org\opentest4j\opentest4j\1.2.0\opentest4j-1.2.0.jar;C:\Users\preed\.m2\repository\org\junit\platform\junit-platform-commons\1.6.0\junit-platform-commons-1.6.0.jar;C:\Users\preed\.m2\repository\org\junit\jupiter\junit-jupiter-params\5.6.0\junit-jupiter-params-5.6.0.jar;C:\Users\preed\.m2\repository\org\junit\jupiter\junit-jupiter-engine\5.6.0\junit-jupiter-engine-5.6.0.jar;C:\Users\preed\.m2\repository\org\junit\platform\junit-platform-engine\1.6.0\junit-platform-engine-1.6.0.jar;C:\Users\preed\.m2\repository\com\google\guava\guava\32.1.3-jre\guava-32.1.3-jre.jar;C:\Users\preed\.m2\repository\com\google\guava\failureaccess\1.0.1\failureaccess-1.0.1.jar;C:\Users\preed\.m2\repository\com\google\guava\listenablefuture\9999.0-empty-to-avoid-conflict-with-guava\listenablefuture-9999.0-empty-to-avoid-conflict-with-guava.jar;C:\Users\preed\.m2\repository\com\google\code\findbugs\jsr305\3.0.2\jsr305-3.0.2.jar;C:\Users\preed\.m2\repository\org\checkerframework\checker-qual\3.37.0\checker-qual-3.37.0.jar;C:\Users\preed\.m2\repository\com\google\errorprone\error_prone_annotations\2.21.1\error_prone_annotations-2.21.1.jar;C:\Users\preed\.m2\repository\com\google\j2objc\j2objc-annotations\2.8\j2objc-annotations-2.8.jar;"/>
    <property name="java.vm.vendor" value="Amazon.com Inc."/>
    <property name="sun.arch.data.model" value="64"/>
    <property name="user.variant" value=""/>
    <property name="java.vendor.url" value="https://aws.amazon.com/corretto/"/>
    <property name="user.timezone" value="Australia/Brisbane"/>
    <property name="os.name" value="Windows 11"/>
    <property name="java.vm.specification.version" value="17"/>
    <property name="user.country" value="AU"/>
    <property name="sun.java.launcher" value="SUN_STANDARD"/>
    <property name="sun.boot.library.path" value="C:\SoftwareDevelopment\amazon-corretto-17.0.4.9.1-windows-x64-jdk\jdk17.0.4_9\bin"/>
    <property name="sun.java.command" value="C:\Users\preed\AppData\Local\Temp\surefire8698004070907429499\surefirebooter-20251031095507816_3.jar C:\Users\preed\AppData\Local\Temp\surefire8698004070907429499 2025-10-31T09-55-07_639-jvmRun1 surefire-20251031095507816_1tmp surefire_0-20251031095507816_2tmp"/>
    <property name="jdk.debug" value="release"/>
    <property name="surefire.test.class.path" value="C:\SoftwareDevelopment\Projects\RestaurantBill\target\test-classes;C:\SoftwareDevelopment\Projects\RestaurantBill\target\classes;C:\Users\preed\.m2\repository\com\vaadin\vaadin\24.4.6\vaadin-24.4.6.jar;C:\Users\preed\.m2\repository\com\vaadin\vaadin-internal\24.4.6\vaadin-internal-24.4.6.jar;C:\Users\preed\.m2\repository\com\vaadin\vaadin-core-internal\24.4.6\vaadin-core-internal-24.4.6.jar;C:\Users\preed\.m2\repository\com\vaadin\flow-server\24.4.4\flow-server-24.4.4.jar;C:\Users\preed\.m2\repository\com\vaadin\servletdetector\throw-if-servlet3\1.0.2\throw-if-servlet3-1.0.2.jar;C:\Users\preed\.m2\repository\com\vaadin\external\gwt\gwt-elemental\2.8.2.vaadin2\gwt-elemental-2.8.2.vaadin2.jar;C:\Users\preed\.m2\repository\org\apache\commons\commons-fileupload2-jakarta\2.0.0-M1\commons-fileupload2-jakarta-2.0.0-M1.jar;C:\Users\preed\.m2\repository\org\apache\commons\commons-fileupload2-core\2.0.0-M1\commons-fileupload2-core-2.0.0-M1.jar;C:\Users\preed\.m2\repository\commons-io\commons-io\2.16.1\commons-io-2.16.1.jar;C:\Users\preed\.m2\repository\com\fasterxml\jackson\core\jackson-core\2.17.0\jackson-core-2.17.0.jar;C:\Users\preed\.m2\repository\com\fasterxml\jackson\core\jackson-databind\2.17.0\jackson-databind-2.17.0.jar;C:\Users\preed\.m2\repository\com\fasterxml\jackson\core\jackson-annotations\2.17.0\jackson-annotations-2.17.0.jar;C:\Users\preed\.m2\repository\net\bytebuddy\byte-buddy\1.14.9\byte-buddy-1.14.9.jar;C:\Users\preed\.m2\repository\com\fasterxml\jackson\datatype\jackson-datatype-jsr310\2.17.0\jackson-datatype-jsr310-2.17.0.jar;C:\Users\preed\.m2\repository\org\jsoup\jsoup\1.17.2\jsoup-1.17.2.jar;C:\Users\preed\.m2\repository\com\helger\ph-css\7.0.2\ph-css-7.0.2.jar;C:\Users\preed\.m2\repository\com\helger\commons\ph-commons\11.1.5\ph-commons-11.1.5.jar;C:\Users\preed\.m2\repository\org\ow2\asm\asm\9.7\asm-9.7.jar;C:\Users\preed\.m2\repository\com\vaadin\external\gentyref\1.2.0.vaadin1\gentyref-1.2.0.vaadin1.jar;C:\Users\preed\.m2\repository\org\apache\commons\commons-compress\1.26.1\commons-compress-1.26.1.jar;C:\Users\preed\.m2\repository\commons-codec\commons-codec\1.16.1\commons-codec-1.16.1.jar;C:\Users\preed\.m2\repository\com\vaadin\flow-lit-template\24.4.4\flow-lit-template-24.4.4.jar;C:\Users\preed\.m2\repository\com\vaadin\flow-react\24.4.4\flow-react-24.4.4.jar;C:\Users\preed\.m2\repository\com\vaadin\flow-push\24.4.4\flow-push-24.4.4.jar;C:\Users\preed\.m2\repository\com\vaadin\external\atmosphere\atmosphere-runtime\3.0.5.slf4jvaadin1\atmosphere-runtime-3.0.5.slf4jvaadin1.jar;C:\Users\preed\.m2\repository\com\vaadin\flow-client\24.4.4\flow-client-24.4.4.jar;C:\Users\preed\.m2\repository\com\vaadin\flow-html-components\24.4.4\flow-html-components-24.4.4.jar;C:\Users\preed\.m2\repository\com\vaadin\flow-data\24.4.4\flow-data-24.4.4.jar;C:\Users\preed\.m2\repository\com\vaadin\flow-dnd\24.4.4\flow-dnd-24.4.4.jar;C:\Users\preed\.m2\repository\com\vaadin\vaadin-lumo-theme\24.4.6\vaadin-lumo-theme-24.4.6.jar;C:\Users\preed\.m2\repository\com\vaadin\vaadin-material-theme\24.4.6\vaadin-material-theme-24.4.6.jar;C:\Users\preed\.m2\repository\com\vaadin\vaadin-accordion-flow\24.4.6\vaadin-accordion-flow-24.4.6.jar;C:\Users\preed\.m2\repository\com\vaadin\vaadin-avatar-flow\24.4.6\vaadin-avatar-flow-24.4.6.jar;C:\Users\preed\.m2\repository\com\vaadin\vaadin-button-flow\24.4.6\vaadin-button-flow-24.4.6.jar;C:\Users\preed\.m2\repository\com\vaadin\vaadin-checkbox-flow\24.4.6\vaadin-checkbox-flow-24.4.6.jar;C:\Users\preed\.m2\repository\com\vaadin\vaadin-combo-box-flow\24.4.6\vaadin-combo-box-flow-24.4.6.jar;C:\Users\preed\.m2\repository\com\vaadin\vaadin-confirm-dialog-flow\24.4.6\vaadin-confirm-dialog-flow-24.4.6.jar;C:\Users\preed\.m2\repository\com\vaadin\vaadin-custom-field-flow\24.4.6\vaadin-custom-field-flow-24.4.6.jar;C:\Users\preed\.m2\repository\com\vaadin\vaadin-date-picker-flow\24.4.6\vaadin-date-picker-flow-24.4.6.jar;C:\Users\preed\.m2\repository\com\vaadin\vaadin-date-time-picker-flow\24.4.6\vaadin-date-time-picker-flow-24.4.6.jar;C:\Users\preed\.m2\repository\com\vaadin\vaadin-details-flow\24.4.6\vaadin-details-flow-24.4.6.jar;C:\Users\preed\.m2\repository\com\vaadin\vaadin-time-picker-flow\24.4.6\vaadin-time-picker-flow-24.4.6.jar;C:\Users\preed\.m2\repository\com\vaadin\vaadin-select-flow\24.4.6\vaadin-select-flow-24.4.6.jar;C:\Users\preed\.m2\repository\com\vaadin\vaadin-side-nav-flow\24.4.6\vaadin-side-nav-flow-24.4.6.jar;C:\Users\preed\.m2\repository\com\vaadin\vaadin-dialog-flow\24.4.6\vaadin-dialog-flow-24.4.6.jar;C:\Users\preed\.m2\repository\com\vaadin\vaadin-form-layout-flow\24.4.6\vaadin-form-layout-flow-24.4.6.jar;C:\Users\preed\.m2\repository\com\vaadin\vaadin-field-highlighter-flow\24.4.6\vaadin-field-highlighter-flow-24.4.6.jar;C:\Users\preed\.m2\repository\com\vaadin\vaadin-grid-flow\24.4.6\vaadin-grid-flow-24.4.6.jar;C:\Users\preed\.m2\repository\org\apache\commons\commons-lang3\3.14.0\commons-lang3-3.14.0.jar;C:\Users\preed\.m2\repository\com\vaadin\vaadin-icons-flow\24.4.6\vaadin-icons-flow-24.4.6.jar;C:\Users\preed\.m2\repository\com\vaadin\vaadin-virtual-list-flow\24.4.6\vaadin-virtual-list-flow-24.4.6.jar;C:\Users\preed\.m2\repository\com\vaadin\vaadin-list-box-flow\24.4.6\vaadin-list-box-flow-24.4.6.jar;C:\Users\preed\.m2\repository\com\vaadin\vaadin-login-flow\24.4.6\vaadin-login-flow-24.4.6.jar;C:\Users\preed\.m2\repository\com\vaadin\vaadin-messages-flow\24.4.6\vaadin-messages-flow-24.4.6.jar;C:\Users\preed\.m2\repository\com\vaadin\vaadin-ordered-layout-flow\24.4.6\vaadin-ordered-layout-flow-24.4.6.jar;C:\Users\preed\.m2\repository\com\vaadin\vaadin-progress-bar-flow\24.4.6\vaadin-progress-bar-flow-24.4.6.jar;C:\Users\preed\.m2\repository\com\vaadin\vaadin-radio-button-flow\24.4.6\vaadin-radio-button-flow-24.4.6.jar;C:\Users\preed\.m2\repository\com\vaadin\vaadin-renderer-flow\24.4.6\vaadin-renderer-flow-24.4.6.jar;C:\Users\preed\.m2\repository\com\vaadin\vaadin-split-layout-flow\24.4.6\vaadin-split-layout-flow-24.4.6.jar;C:\Users\preed\.m2\repository\com\vaadin\vaadin-tabs-flow\24.4.6\vaadin-tabs-flow-24.4.6.jar;C:\Users\preed\.m2\repository\com\vaadin\vaadin-text-field-flow\24.4.6\vaadin-text-field-flow-24.4.6.jar;C:\Users\preed\.m2\repository\com\vaadin\vaadin-upload-flow\24.4.6\vaadin-upload-flow-24.4.6.jar;C:\Users\preed\.m2\repository\com\vaadin\vaadin-notification-flow\24.4.6\vaadin-notification-flow-24.4.6.jar;C:\Users\preed\.m2\repository\com\vaadin\vaadin-app-layout-flow\24.4.6\vaadin-app-layout-flow-24.4.6.jar;C:\Users\preed\.m2\repository\com\vaadin\vaadin-context-menu-flow\24.4.6\vaadin-context-menu-flow-24.4.6.jar;C:\Users\preed\.m2\repository\com\vaadin\vaadin-menu-bar-flow\24.4.6\vaadin-menu-bar-flow-24.4.6.jar;C:\Users\preed\.m2\repository\com\vaadin\vaadin-board-flow\24.4.6\vaadin-board-flow-24.4.6.jar;C:\Users\preed\.m2\repository\com\vaadin\vaadin-charts-flow\24.4.6\vaadin-charts-flow-24.4.6.jar;C:\Users\preed\.m2\repository\com\vaadin\vaadin-cookie-consent-flow\24.4.6\vaadin-cookie-consent-flow-24.4.6.jar;C:\Users\preed\.m2\repository\com\vaadin\vaadin-crud-flow\24.4.6\vaadin-crud-flow-24.4.6.jar;C:\Users\preed\.m2\repository\com\vaadin\vaadin-flow-components-base\24.4.6\vaadin-flow-components-base-24.4.6.jar;C:\Users\preed\.m2\repository\com\vaadin\vaadin-grid-pro-flow\24.4.6\vaadin-grid-pro-flow-24.4.6.jar;C:\Users\preed\.m2\repository\com\vaadin\vaadin-map-flow\24.4.6\vaadin-map-flow-24.4.6.jar;C:\Users\preed\.m2\repository\com\vaadin\vaadin-rich-text-editor-flow\24.4.6\vaadin-rich-text-editor-flow-24.4.6.jar;C:\Users\preed\.m2\repository\com\vaadin\collaboration-engine\6.2.3\collaboration-engine-6.2.3.jar;C:\Users\preed\.m2\repository\com\vaadin\license-checker\1.12.13\license-checker-1.12.13.jar;C:\Users\preed\.m2\repository\com\github\oshi\oshi-core\6.4.10\oshi-core-6.4.10.jar;C:\Users\preed\.m2\repository\net\java\dev\jna\jna\5.14.0\jna-5.14.0.jar;C:\Users\preed\.m2\repository\net\java\dev\jna\jna-platform\5.14.0\jna-platform-5.14.0.jar;C:\Users\preed\.m2\repository\com\nimbusds\nimbus-jose-jwt\9.37.3\nimbus-jose-jwt-9.37.3.jar;C:\Users\preed\.m2\repository\org\lucee\jcip-annotations\1.0.0\jcip-annotations-1.0.0.jar;C:\Users\preed\.m2\repository\com\vaadin\open\8.5.0.1\open-8.5.0.1.jar;C:\Users\preed\.m2\repository\com\vaadin\vaadin-core\24.4.6\vaadin-core-24.4.6.jar;C:\Users\preed\.m2\repository\com\vaadin\vaadin-dev\24.4.6\vaadin-dev-24.4.6.jar;C:\Users\preed\.m2\repository\com\vaadin\vaadin-dev-server\24.4.4\vaadin-dev-server-24.4.4.jar;C:\Users\preed\.m2\repository\com\github\javaparser\javaparser-core\3.25.10\javaparser-core-3.25.10.jar;C:\Users\preed\.m2\repository\io\methvin\directory-watcher\0.18.0\directory-watcher-0.18.0.jar;C:\Users\preed\.m2\repository\com\vaadin\vaadin-dev-bundle\24.4.6\vaadin-dev-bundle-24.4.6.jar;C:\Users\preed\.m2\repository\com\vaadin\hilla-dev\24.4.3\hilla-dev-24.4.3.jar;C:\Users\preed\.m2\repository\com\vaadin\copilot\24.4.6\copilot-24.4.6.jar;C:\Users\preed\.m2\repository\io\projectreactor\netty\reactor-netty\1.1.18\reactor-netty-1.1.18.jar;C:\Users\preed\.m2\repository\io\projectreactor\netty\reactor-netty-core\1.1.18\reactor-netty-core-1.1.18.jar;C:\Users\preed\.m2\repository\io\netty\netty-handler\4.1.108.Final\netty-handler-4.1.108.Final.jar;C:\Users\preed\.m2\repository\io\netty\netty-common\4.1.108.Final\netty-common-4.1.108.Final.jar;C:\Users\preed\.m2\repository\io\netty\netty-resolver\4.1.108.Final\netty-resolver-4.1.108.Final.jar;C:\Users\preed\.m2\repository\io\netty\netty-buffer\4.1.108.Final\netty-buffer-4.1.108.Final.jar;C:\Users\preed\.m2\repository\io\netty\netty-transport\4.1.108.Final\netty-transport-4.1.108.Final.jar;C:\Users\preed\.m2\repository\io\netty\netty-transport-native-unix-common\4.1.108.Final\netty-transport-native-unix-common-4.1.108.Final.jar;C:\Users\preed\.m2\repository\io\netty\netty-codec\4.1.108.Final\netty-codec-4.1.108.Final.jar;C:\Users\preed\.m2\repository\io\netty\netty-handler-proxy\4.1.108.Final\netty-handler-proxy-4.1.108.Final.jar;C:\Users\preed\.m2\repository\io\netty\netty-codec-socks\4.1.108.Final\netty-codec-socks-4.1.108.Final.jar;C:\Users\preed\.m2\repository\io\netty\netty-resolver-dns\4.1.108.Final\netty-resolver-dns-4.1.108.Final.jar;C:\Users\preed\.m2\repository\io\netty\netty-codec-dns\4.1.108.Final\netty-codec-dns-4.1.108.Final.jar;C:\Users\preed\.m2\repository\io\netty\netty-resolver-dns-native-macos\4.1.108.Final\netty-resolver-dns-native-macos-4.1.108.Final-osx-x86_64.jar;C:\Users\preed\.m2\repository\io\netty\netty-resolver-dns-classes-macos\4.1.108.Final\netty-resolver-dns-classes-macos-4.1.108.Final.jar;C:\Users\preed\.m2\repository\io\netty\netty-transport-native-epoll\4.1.108.Final\netty-transport-native-epoll-4.1.108.Final-linux-x86_64.jar;C:\Users\preed\.m2\repository\io\netty\netty-transport-classes-epoll\4.1.108.Final\netty-transport-classes-epoll-4.1.108.Final.jar;C:\Users\preed\.m2\repository\io\projectreactor\reactor-core\3.5.16\reactor-core-3.5.16.jar;C:\Users\preed\.m2\repository\org\reactivestreams\reactive-streams\1.0.4\reactive-streams-1.0.4.jar;C:\Users\preed\.m2\repository\io\projectreactor\netty\reactor-netty-http\1.1.18\reactor-netty-http-1.1.18.jar;C:\Users\preed\.m2\repository\io\netty\netty-codec-http\4.1.108.Final\netty-codec-http-4.1.108.Final.jar;C:\Users\preed\.m2\repository\io\netty\netty-codec-http2\4.1.108.Final\netty-codec-http2-4.1.108.Final.jar;C:\Users\preed\.m2\repository\io\projectreactor\netty\incubator\reactor-netty-incubator-quic\0.1.18\reactor-netty-incubator-quic-0.1.18.jar;C:\Users\preed\.m2\repository\io\netty\incubator\netty-incubator-codec-native-quic\0.0.62.Final\netty-incubator-codec-native-quic-0.0.62.Final-linux-x86_64.jar;C:\Users\preed\.m2\repository\io\netty\incubator\netty-incubator-codec-classes-quic\0.0.62.Final\netty-incubator-codec-classes-quic-0.0.62.Final.jar;C:\Users\preed\.m2\repository\jakarta\annotation\jakarta.annotation-api\2.1.1\jakarta.annotation-api-2.1.1.jar;C:\Users\preed\.m2\repository\org\apache\commons\commons-configuration2\2.11.0\commons-configuration2-2.11.0.jar;C:\Users\preed\.m2\repository\org\apache\commons\commons-text\1.12.0\commons-text-1.12.0.jar;C:\Users\preed\.m2\repository\com\github\javaparser\javaparser-symbol-solver-core\3.25.10\javaparser-symbol-solver-core-3.25.10.jar;C:\Users\preed\.m2\repository\org\javassist\javassist\3.30.2-GA\javassist-3.30.2-GA.jar;C:\Users\preed\.m2\repository\org\slf4j\slf4j-simple\2.0.11\slf4j-simple-2.0.11.jar;C:\Users\preed\.m2\repository\org\slf4j\slf4j-api\2.0.11\slf4j-api-2.0.11.jar;C:\Users\preed\.m2\repository\jakarta\servlet\jakarta.servlet-api\6.0.0\jakarta.servlet-api-6.0.0.jar;C:\Users\preed\.m2\repository\org\junit\jupiter\junit-jupiter-api\5.6.0\junit-jupiter-api-5.6.0.jar;C:\Users\preed\.m2\repository\org\apiguardian\apiguardian-api\1.1.0\apiguardian-api-1.1.0.jar;C:\Users\preed\.m2\repository\org\opentest4j\opentest4j\1.2.0\opentest4j-1.2.0.jar;C:\Users\preed\.m2\repository\org\junit\platform\junit-platform-commons\1.6.0\junit-platform-commons-1.6.0.jar;C:\Users\preed\.m2\repository\org\junit\jupiter\junit-jupiter-params\5.6.0\junit-jupiter-params-5.6.0.jar;C:\Users\preed\.m2\repository\org\junit\jupiter\junit-jupiter-engine\5.6.0\junit-jupiter-engine-5.6.0.jar;C:\Users\preed\.m2\repository\org\junit\platform\junit-platform-engine\1.6.0\junit-platform-engine-1.6.0.jar;C:\Users\preed\.m2\repository\com\google\guava\guava\32.1.3-jre\guava-32.1.3-jre.jar;C:\Users\preed\.m2\repository\com\google\guava\failureaccess\1.0.1\failureaccess-1.0.1.jar;C:\Users\preed\.m2\repository\com\google\guava\listenablefuture\9999.0-empty-to-avoid-conflict-with-guava\listenablefuture-9999.0-empty-to-avoid-conflict-with-guava.jar;C:\Users\preed\.m2\repository\com\google\code\findbugs\jsr305\3.0.2\jsr305-3.0.2.jar;C:\Users\preed\.m2\repository\org\checkerframework\checker-qual\3.37.0\checker-qual-3.37.0.jar;C:\Users\preed\.m2\repository\com\google\errorprone\error_prone_annotations\2.21.1\error_prone_annotations-2.21.1.jar;C:\Users\preed\.m2\repository\com\google\j2objc\j2objc-annotations\2.8\j2objc-annotations-2.8.jar;"/>
    <property name="sun.cpu.endian" value="little"/>
    <property name="user.home" value="C:\Users\preed"/>
    <property name="user.language" value="en"/>
    <property name="java.specification.vendor" value="Oracle Corporation"/>
    <property name="java.version.date" value="2022-08-12"/>
    <property name="java.home" value="C:\SoftwareDevelopment\amazon-corretto-17.0.4.9.1-windows-x64-jdk\jdk17.0.4_9"/>
    <property name="file.separator" value="\"/>
    <property name="style.color" value="always"/>
    <property name="basedir" value="C:\SoftwareDevelopment\Projects\RestaurantBill"/>
    <property name="java.vm.compressedOopsMode" value="Zero based"/>
    <property name="line.separator" value="&#10;"/>
    <property name="java.vm.specification.vendor" value="Oracle Corporation"/>
    <property name="java.specification.name" value="Java Platform API Specification"/>
    <property name="surefire.real.class.path" value="C:\Users\preed\AppData\Local\Temp\surefire8698004070907429499\surefirebooter-20251031095507816_3.jar"/>
    <property name="user.script" value=""/>
    <property name="sun.management.compiler" value="HotSpot 64-Bit Tiered Compilers"/>
    <property name="java.runtime.version" value="17.0.4.1+9-LTS"/>
    <property name="user.name" value="preed"/>
    <property name="path.separator" value=";"/>
    <property name="os.version" value="10.0"/>
    <property name="java.runtime.name" value="OpenJDK Runtime Environment"/>
    <property name="file.encoding" value="Cp1252"/>
    <property name="java.vm.name" value="OpenJDK 64-Bit Server VM"/>
    <property name="java.vendor.version" value="Corretto-17.0.4.9.1"/>
    <property name="maven.ext.class.path" value="C:\Program Files\JetBrains\IntelliJ IDEA 2024.2.4\plugins\maven\lib\maven-event-listener.jar"/>
    <property name="localRepository" value="C:\Users\preed\.m2\repository"/>
    <property name="java.vendor.url.bug" value="https://github.com/corretto/corretto-17/issues/"/>
    <property name="java.io.tmpdir" value="C:\Users\preed\AppData\Local\Temp\"/>
    <property name="idea.version" value="2025.2.3"/>
    <property name="java.version" value="17.0.4.1"/>
    <property name="user.dir" value="C:\SoftwareDevelopment\Projects\RestaurantBill"/>
    <property name="os.arch" value="amd64"/>
    <property name="jansi.passthrough" value="true"/>
    <property name="java.vm.specification.name" value="Java Virtual Machine Specification"/>
    <property name="sun.os.patch.level" value=""/>
    <property name="native.encoding" value="Cp1252"/>
    <property name="java.library.path" value="C:\SoftwareDevelopment\amazon-corretto-17.0.4.9.1-windows-x64-jdk\jdk17.0.4_9\bin;C:\WINDOWS\Sun\Java\bin;C:\WINDOWS\system32;C:\WINDOWS;C:\Python310\Scripts\;C:\Python310\;C:\SoftwareDevelopment\amazon-corretto-17.0.4.9.1-windows-x64-jdk\jdk17.0.4_9\bin;C:\WINDOWS\system32;C:\WINDOWS;C:\WINDOWS\System32\Wbem;C:\WINDOWS\System32\WindowsPowerShell\v1.0\;C:\WINDOWS\System32\OpenSSH\;C:\Program Files\nodejs\;C:\ProgramData\chocolatey\bin;C:\Program Files\Microsoft SQL Server\130\Tools\Binn\;C:\Program Files (x86)\Google\Cloud SDK\google-cloud-sdk\bin;C:\Program Files\Git\cmd;C:\Program Files\Git\mingw64\bin;C:\Program Files\Git\usr\bin;C:\Users\preed\AppData\Local\Microsoft\WindowsApps;C:\Users\preed\AppData\Local\GitHubDesktop\bin;C:\Program Files\JetBrains\PyCharm Community Edition 2021.2.3\bin;;C:\Users\preed\AppData\Roaming\npm;C:\Program Files (x86)\WiX Toolset v3.11\bin;C:\SoftwareDevelopment\flutter\bin;C:\Users\preed\AppData\Local\Programs\Microsoft VS Code\bin;C:\Program Files\heroku\bin;C:\Program Files\JetBrains\IntelliJ IDEA 2024.2.4\bin;;;."/>
    <property name="java.vm.info" value="mixed mode, sharing"/>
    <property name="java.vendor" value="Amazon.com Inc."/>
    <property name="java.vm.version" value="17.0.4.1+9-LTS"/>
    <property name="sun.io.unicode.encoding" value="UnicodeLittle"/>
    <property name="maven.repo.local" value="C:\Users\preed\.m2\repository"/>
    <property name="java.class.version" value="61.0"/>
  </properties>
  <testcase name="testCalculateTheBillThirdTest" classname="com.reedmanit.restaurantbill.service.BillCalculationServiceTest" time="0.295">
    <system-out><![CDATA[calculateTheBillThirdTest
]]></system-out>
  </testcase>
  <testcase name="testCalculateTheBillFirstTest" classname="com.reedmanit.restaurantbill.service.BillCalculationServiceTest" time="0.007">
    <system-out><![CDATA[calculateTheBillFirstTest
]]></system-out>
  </testcase>
  <testcase name="testCalculateTheBillSecondTest" classname="com.reedmanit.restaurantbill.service.BillCalculationServiceTest" time="0.005">
    <system-out><![CDATA[calculateTheBillSecondTest
]]></system-out>
  </testcase>
  <testcase name="testCalculateTheBillFourthTest" classname="com.reedmanit.restaurantbill.service.BillCalculationServiceTest" time="0.006">
    <system-out><![CDATA[calculateTheBillFourthTest
]]></system-out>
  </testcase>
</testsuite>